[2m22:20:53[22m [31m[1m[vite][22m[39m [31mInternal server error: Failed to resolve import "react-markdown" from "src/App.jsx". Does the file exist?[39m
  Plugin: [35mvite:import-analysis[39m
  File: [36mC:/Users/Stacjonarka/Desktop/rekrutacja/Questions app/src/App.jsx[39m:2:26
[33m  17 |  var _s = $RefreshSig$();
  18 |  import { useEffect, useState } from "react";
  19 |  import ReactMarkdown from "react-markdown";
     |                             ^
  20 |  import remarkGfm from "remark-gfm";
  21 |  import seedQuestions from "./data/questions.json";[39m
      at TransformPluginContext._formatError (file:///C:/Users/Stacjonarka/Desktop/rekrutacja/Questions%20app/node_modules/vite/dist/node/chunks/dep-BK3b2jBa.js:49258:41)
      at TransformPluginContext.error (file:///C:/Users/Stacjonarka/Desktop/rekrutacja/Questions%20app/node_modules/vite/dist/node/chunks/dep-BK3b2jBa.js:49253:16)
      at normalizeUrl (file:///C:/Users/Stacjonarka/Desktop/rekrutacja/Questions%20app/node_modules/vite/dist/node/chunks/dep-BK3b2jBa.js:64307:23)
      at process.processTicksAndRejections (node:internal/process/task_queues:95:5)
      at async file:///C:/Users/Stacjonarka/Desktop/rekrutacja/Questions%20app/node_modules/vite/dist/node/chunks/dep-BK3b2jBa.js:64439:39
      at async Promise.all (index 4)
      at async TransformPluginContext.transform (file:///C:/Users/Stacjonarka/Desktop/rekrutacja/Questions%20app/node_modules/vite/dist/node/chunks/dep-BK3b2jBa.js:64366:7)
      at async PluginContainer.transform (file:///C:/Users/Stacjonarka/Desktop/rekrutacja/Questions%20app/node_modules/vite/dist/node/chunks/dep-BK3b2jBa.js:49099:18)
      at async loadAndTransform (file:///C:/Users/Stacjonarka/Desktop/rekrutacja/Questions%20app/node_modules/vite/dist/node/chunks/dep-BK3b2jBa.js:51978:27)
      at async viteTransformMiddleware (file:///C:/Users/Stacjonarka/Desktop/rekrutacja/Questions%20app/node_modules/vite/dist/node/chunks/dep-BK3b2jBa.js:62106:24)
[2m22:20:53[22m [31m[1m[vite][22m[39m Pre-transform error: Failed to resolve import "react-markdown" from "src/App.jsx". Does the file exist?
[2m22:20:53[22m [31m[1m[vite][22m[39m [31mInternal server error: Failed to resolve import "react-markdown" from "src/App.jsx". Does the file exist?[39m
  Plugin: [35mvite:import-analysis[39m
  File: [36mC:/Users/Stacjonarka/Desktop/rekrutacja/Questions app/src/App.jsx[39m:2:26
[33m  17 |  var _s = $RefreshSig$();
  18 |  import { useEffect, useState } from "react";
  19 |  import ReactMarkdown from "react-markdown";
     |                             ^
  20 |  import remarkGfm from "remark-gfm";
  21 |  import seedQuestions from "./data/questions.json";[39m
      at TransformPluginContext._formatError (file:///C:/Users/Stacjonarka/Desktop/rekrutacja/Questions%20app/node_modules/vite/dist/node/chunks/dep-BK3b2jBa.js:49258:41)
      at TransformPluginContext.error (file:///C:/Users/Stacjonarka/Desktop/rekrutacja/Questions%20app/node_modules/vite/dist/node/chunks/dep-BK3b2jBa.js:49253:16)
      at normalizeUrl (file:///C:/Users/Stacjonarka/Desktop/rekrutacja/Questions%20app/node_modules/vite/dist/node/chunks/dep-BK3b2jBa.js:64307:23)
      at process.processTicksAndRejections (node:internal/process/task_queues:95:5)
      at async file:///C:/Users/Stacjonarka/Desktop/rekrutacja/Questions%20app/node_modules/vite/dist/node/chunks/dep-BK3b2jBa.js:64439:39
      at async Promise.all (index 4)
      at async TransformPluginContext.transform (file:///C:/Users/Stacjonarka/Desktop/rekrutacja/Questions%20app/node_modules/vite/dist/node/chunks/dep-BK3b2jBa.js:64366:7)
      at async PluginContainer.transform (file:///C:/Users/Stacjonarka/Desktop/rekrutacja/Questions%20app/node_modules/vite/dist/node/chunks/dep-BK3b2jBa.js:49099:18)
      at async loadAndTransform (file:///C:/Users/Stacjonarka/Desktop/rekrutacja/Questions%20app/node_modules/vite/dist/node/chunks/dep-BK3b2jBa.js:51978:27)
      at async viteTransformMiddleware (file:///C:/Users/Stacjonarka/Desktop/rekrutacja/Questions%20app/node_modules/vite/dist/node/chunks/dep-BK3b2jBa.js:62106:24)
